2026-01-27 19:20:16,229 - INFO - Starting our MLFLOW experimentation
2026-01-27 19:20:16,229 - INFO - Loading processed data
2026-01-27 19:20:16,239 - INFO - Logging the training and testing datset to MLFLOW
2026-01-27 19:20:16,247 - ERROR - Error in model training: [Errno 2] No such file or directory: 'artifacts/processed/processed_train.csv'
2026-01-27 19:20:50,650 - INFO - Starting our MLFLOW experimentation
2026-01-27 19:20:50,651 - INFO - Loading processed data
2026-01-27 19:20:50,659 - INFO - Logging the training and testing datset to MLFLOW
2026-01-27 19:20:50,666 - INFO - Splitting data into training and testing sets
2026-01-27 19:20:50,669 - INFO - Training Linear Regression model
2026-01-27 19:20:50,808 - INFO - Evaluating model
2026-01-27 19:20:50,814 - INFO - Logging the model into MLFLOW
2026-01-27 19:20:50,817 - INFO - Logging Params and metrics to MLFLOW
2026-01-27 19:20:50,826 - INFO - Model Training Performance: R2 Score: 0.8593017052143919, MAE: 11166.342198202055, MSE: 342791369.0382295
2026-01-27 19:20:50,826 - INFO - Saving trained model
2026-01-27 19:20:50,862 - ERROR - Error in model training: Unable to find a logged_model with artifact_path model under run ebedf5068f03466dbc150d155e325776
2026-01-27 19:22:47,670 - ERROR - Error in model training: local variable 'model' referenced before assignment
2026-01-27 19:24:27,019 - INFO - Starting our MLFLOW experimentation
2026-01-27 19:24:27,019 - INFO - Loading processed data
2026-01-27 19:24:27,028 - INFO - Logging the training and testing datset to MLFLOW
2026-01-27 19:24:27,033 - INFO - Splitting data into training and testing sets
2026-01-27 19:24:27,037 - INFO - Training Linear Regression model
2026-01-27 19:24:27,171 - INFO - Evaluating model
2026-01-27 19:24:27,176 - INFO - Logging the model into MLFLOW
2026-01-27 19:24:27,177 - INFO - Logging Metrics to MLFLOW
2026-01-27 19:24:29,028 - INFO - Model Training Performance: R2 Score: 0.8593017052143919, MAE: 11166.342198202055, MSE: 342791369.0382295
2026-01-27 19:24:29,028 - INFO - Saving trained model
2026-01-27 19:24:58,489 - INFO - Starting our MLFLOW experimentation
2026-01-27 19:24:58,490 - INFO - Loading processed data
2026-01-27 19:24:58,496 - INFO - Logging the training and testing datset to MLFLOW
2026-01-27 19:24:58,502 - INFO - Splitting data into training and testing sets
2026-01-27 19:24:58,503 - INFO - Training Linear Regression model
2026-01-27 19:24:58,624 - INFO - Evaluating model
2026-01-27 19:24:58,629 - INFO - Logging the model into MLFLOW
2026-01-27 19:24:58,631 - INFO - Logging Metrics to MLFLOW
2026-01-27 19:25:00,265 - INFO - Model Training Performance: R2 Score: 0.8593017052143919, MAE: 11166.342198202055, MSE: 342791369.0382295
2026-01-27 19:25:00,266 - INFO - Saving trained model
